app/build/intermediates/manifest_merge_blame_file/debug/processDebugMainManifest/manifest-merger-blame-debug-report.txt
1<?xml version="1.0" encoding="utf-8"?>
2<manifest xmlns:android="http://schemas.android.com/apk/res/android"
3    package="com.app.lockcomposeChild"
4    android:versionCode="1"
5    android:versionName="1.0" >
6
7    <uses-sdk
8        android:minSdkVersion="24"
9        android:targetSdkVersion="34" />
10
11    <uses-permission android:name="android.permission.INTERNET" />
11-->src\main\AndroidManifest.xml:6:5-66
11-->src\main\AndroidManifest.xml:6:22-64
12    <uses-permission android:name="android.permission.QUERY_ALL_PACKAGES" />
12-->src\main\AndroidManifest.xml:7:5-8:53
12-->src\main\AndroidManifest.xml:7:22-74
13
14    <!-- Although the *SdkVersion is captured in gradle build files, this is required for non gradle builds -->
15    <!-- <uses-sdk android:minSdkVersion="21"/> -->
16    <uses-permission android:name="android.permission.ACCESS_NETWORK_STATE" />
16-->[com.google.firebase:firebase-database:21.0.0] AndroidManifest.xml:22:5-79
16-->[com.google.firebase:firebase-database:21.0.0] AndroidManifest.xml:22:22-76
17
18    <permission
18-->[androidx.core:core:1.13.1] AndroidManifest.xml:22:5-24:47
19        android:name="com.app.lockcomposeChild.DYNAMIC_RECEIVER_NOT_EXPORTED_PERMISSION"
19-->[androidx.core:core:1.13.1] AndroidManifest.xml:23:9-81
20        android:protectionLevel="signature" />
20-->[androidx.core:core:1.13.1] AndroidManifest.xml:24:9-44
21
22    <uses-permission android:name="com.app.lockcomposeChild.DYNAMIC_RECEIVER_NOT_EXPORTED_PERMISSION" />
22-->[androidx.core:core:1.13.1] AndroidManifest.xml:26:5-97
22-->[androidx.core:core:1.13.1] AndroidManifest.xml:26:22-94
23
24    <application
24-->src\main\AndroidManifest.xml:11:5-71:19
25        android:allowBackup="true"
25-->src\main\AndroidManifest.xml:12:9-35
26        android:appComponentFactory="androidx.core.app.CoreComponentFactory"
26-->[androidx.core:core:1.13.1] AndroidManifest.xml:28:18-86
27        android:dataExtractionRules="@xml/data_extraction_rules"
27-->src\main\AndroidManifest.xml:13:9-65
28        android:debuggable="true"
29        android:extractNativeLibs="false"
30        android:fullBackupContent="@xml/backup_rules"
30-->src\main\AndroidManifest.xml:14:9-54
31        android:icon="@mipmap/ic_launcher"
31-->src\main\AndroidManifest.xml:15:9-43
32        android:label="@string/app_name"
32-->src\main\AndroidManifest.xml:16:9-41
33        android:roundIcon="@mipmap/ic_launcher_round"
33-->src\main\AndroidManifest.xml:17:9-54
34        android:supportsRtl="true"
34-->src\main\AndroidManifest.xml:18:9-35
35        android:theme="@style/Theme.LockCompose" >
35-->src\main\AndroidManifest.xml:19:9-49
36        <activity
36-->src\main\AndroidManifest.xml:21:9-31:20
37            android:name="com.app.lockcomposeChild.MainActivity"
37-->src\main\AndroidManifest.xml:22:13-65
38            android:exported="true"
38-->src\main\AndroidManifest.xml:23:13-36
39            android:label="@string/app_name"
39-->src\main\AndroidManifest.xml:24:13-45
40            android:theme="@style/Theme.LockCompose" >
40-->src\main\AndroidManifest.xml:25:13-53
41            <intent-filter>
41-->src\main\AndroidManifest.xml:26:13-30:29
42                <action android:name="android.intent.action.MAIN" />
42-->src\main\AndroidManifest.xml:27:17-69
42-->src\main\AndroidManifest.xml:27:25-66
43
44                <category android:name="android.intent.category.LAUNCHER" />
44-->src\main\AndroidManifest.xml:29:17-77
44-->src\main\AndroidManifest.xml:29:27-74
45            </intent-filter>
46        </activity>
47
48        <meta-data
48-->src\main\AndroidManifest.xml:34:9-37:15
49            android:name="io.sentry.dsn"
49-->src\main\AndroidManifest.xml:35:13-41
50            android:value="https://40bdf4f83dfa31d49836fc04a0cb23f2@o4506700413796352.ingest.us.sentry.io/4507663051522048" />
50-->src\main\AndroidManifest.xml:36:13-124
51
52        <!-- enable automatic breadcrumbs for user interactions (clicks, swipes, scrolls) -->
53        <meta-data
53-->src\main\AndroidManifest.xml:40:9-43:15
54            android:name="io.sentry.traces.user-interaction.enable"
54-->src\main\AndroidManifest.xml:41:13-68
55            android:value="true" />
55-->src\main\AndroidManifest.xml:42:13-33
56        <!-- enable screenshot for crashes -->
57        <meta-data
57-->src\main\AndroidManifest.xml:45:9-48:15
58            android:name="io.sentry.attach-screenshot"
58-->src\main\AndroidManifest.xml:46:13-55
59            android:value="true" />
59-->src\main\AndroidManifest.xml:47:13-33
60        <!-- enable view hierarchy for crashes -->
61        <meta-data
61-->src\main\AndroidManifest.xml:50:9-53:15
62            android:name="io.sentry.attach-view-hierarchy"
62-->src\main\AndroidManifest.xml:51:13-59
63            android:value="true" />
63-->src\main\AndroidManifest.xml:52:13-33
64
65        <!-- enable the performance API by setting a sample-rate, adjust in production env -->
66        <meta-data
66-->src\main\AndroidManifest.xml:56:9-59:15
67            android:name="io.sentry.traces.sample-rate"
67-->src\main\AndroidManifest.xml:57:13-56
68            android:value="1.0" />
68-->src\main\AndroidManifest.xml:58:13-32
69        <!-- enable profiling when starting transactions, adjust in production env -->
70        <meta-data
70-->src\main\AndroidManifest.xml:61:9-64:15
71            android:name="io.sentry.traces.profiling.sample-rate"
71-->src\main\AndroidManifest.xml:62:13-66
72            android:value="1.0" />
72-->src\main\AndroidManifest.xml:63:13-32
73        <!-- enable app start profiling -->
74        <meta-data
74-->src\main\AndroidManifest.xml:66:9-69:15
75            android:name="io.sentry.traces.profiling.enable-app-start"
75-->src\main\AndroidManifest.xml:67:13-71
76            android:value="true" />
76-->src\main\AndroidManifest.xml:68:13-33
77
78        <service
78-->[com.google.firebase:firebase-database-ktx:21.0.0] AndroidManifest.xml:9:9-15:19
79            android:name="com.google.firebase.components.ComponentDiscoveryService"
79-->[com.google.firebase:firebase-database-ktx:21.0.0] AndroidManifest.xml:10:13-84
80            android:directBootAware="true"
80-->[com.google.firebase:firebase-common:21.0.0] AndroidManifest.xml:32:13-43
81            android:exported="false" >
81-->[com.google.firebase:firebase-database-ktx:21.0.0] AndroidManifest.xml:11:13-37
82            <meta-data
82-->[com.google.firebase:firebase-database-ktx:21.0.0] AndroidManifest.xml:12:13-14:85
83                android:name="com.google.firebase.components:com.google.firebase.database.ktx.FirebaseDatabaseLegacyRegistrar"
83-->[com.google.firebase:firebase-database-ktx:21.0.0] AndroidManifest.xml:13:17-127
84                android:value="com.google.firebase.components.ComponentRegistrar" />
84-->[com.google.firebase:firebase-database-ktx:21.0.0] AndroidManifest.xml:14:17-82
85            <meta-data
85-->[com.google.firebase:firebase-database:21.0.0] AndroidManifest.xml:29:13-31:85
86                android:name="com.google.firebase.components:com.google.firebase.database.FirebaseDatabaseKtxRegistrar"
86-->[com.google.firebase:firebase-database:21.0.0] AndroidManifest.xml:30:17-120
87                android:value="com.google.firebase.components.ComponentRegistrar" />
87-->[com.google.firebase:firebase-database:21.0.0] AndroidManifest.xml:31:17-82
88            <meta-data
88-->[com.google.firebase:firebase-database:21.0.0] AndroidManifest.xml:32:13-34:85
89                android:name="com.google.firebase.components:com.google.firebase.database.DatabaseRegistrar"
89-->[com.google.firebase:firebase-database:21.0.0] AndroidManifest.xml:33:17-109
90                android:value="com.google.firebase.components.ComponentRegistrar" />
90-->[com.google.firebase:firebase-database:21.0.0] AndroidManifest.xml:34:17-82
91            <meta-data
91-->[com.google.firebase:firebase-common-ktx:21.0.0] AndroidManifest.xml:12:13-14:85
92                android:name="com.google.firebase.components:com.google.firebase.ktx.FirebaseCommonLegacyRegistrar"
92-->[com.google.firebase:firebase-common-ktx:21.0.0] AndroidManifest.xml:13:17-116
93                android:value="com.google.firebase.components.ComponentRegistrar" />
93-->[com.google.firebase:firebase-common-ktx:21.0.0] AndroidManifest.xml:14:17-82
94            <meta-data
94-->[com.google.firebase:firebase-common:21.0.0] AndroidManifest.xml:35:13-37:85
95                android:name="com.google.firebase.components:com.google.firebase.FirebaseCommonKtxRegistrar"
95-->[com.google.firebase:firebase-common:21.0.0] AndroidManifest.xml:36:17-109
96                android:value="com.google.firebase.components.ComponentRegistrar" />
96-->[com.google.firebase:firebase-common:21.0.0] AndroidManifest.xml:37:17-82
97        </service>
98
99        <provider
99-->[com.google.firebase:firebase-common:21.0.0] AndroidManifest.xml:23:9-28:39
100            android:name="com.google.firebase.provider.FirebaseInitProvider"
100-->[com.google.firebase:firebase-common:21.0.0] AndroidManifest.xml:24:13-77
101            android:authorities="com.app.lockcomposeChild.firebaseinitprovider"
101-->[com.google.firebase:firebase-common:21.0.0] AndroidManifest.xml:25:13-72
102            android:directBootAware="true"
102-->[com.google.firebase:firebase-common:21.0.0] AndroidManifest.xml:26:13-43
103            android:exported="false"
103-->[com.google.firebase:firebase-common:21.0.0] AndroidManifest.xml:27:13-37
104            android:initOrder="100" />
104-->[com.google.firebase:firebase-common:21.0.0] AndroidManifest.xml:28:13-36
105
106        <activity
106-->[com.google.android.gms:play-services-base:18.1.0] AndroidManifest.xml:20:9-22:45
107            android:name="com.google.android.gms.common.api.GoogleApiActivity"
107-->[com.google.android.gms:play-services-base:18.1.0] AndroidManifest.xml:20:19-85
108            android:exported="false"
108-->[com.google.android.gms:play-services-base:18.1.0] AndroidManifest.xml:22:19-43
109            android:theme="@android:style/Theme.Translucent.NoTitleBar" /> <!-- 'android:authorities' must be unique in the device, across all apps -->
109-->[com.google.android.gms:play-services-base:18.1.0] AndroidManifest.xml:21:19-78
110        <provider
110-->[io.sentry:sentry-android-core:7.12.0] AndroidManifest.xml:12:9-15:40
111            android:name="io.sentry.android.core.SentryInitProvider"
111-->[io.sentry:sentry-android-core:7.12.0] AndroidManifest.xml:13:13-69
112            android:authorities="com.app.lockcomposeChild.SentryInitProvider"
112-->[io.sentry:sentry-android-core:7.12.0] AndroidManifest.xml:14:13-70
113            android:exported="false" />
113-->[io.sentry:sentry-android-core:7.12.0] AndroidManifest.xml:15:13-37
114        <provider
114-->[io.sentry:sentry-android-core:7.12.0] AndroidManifest.xml:16:9-20:39
115            android:name="io.sentry.android.core.SentryPerformanceProvider"
115-->[io.sentry:sentry-android-core:7.12.0] AndroidManifest.xml:17:13-76
116            android:authorities="com.app.lockcomposeChild.SentryPerformanceProvider"
116-->[io.sentry:sentry-android-core:7.12.0] AndroidManifest.xml:18:13-77
117            android:exported="false"
117-->[io.sentry:sentry-android-core:7.12.0] AndroidManifest.xml:19:13-37
118            android:initOrder="200" />
118-->[io.sentry:sentry-android-core:7.12.0] AndroidManifest.xml:20:13-36
119
120        <activity
120-->[androidx.compose.ui:ui-test-manifest:1.6.8] AndroidManifest.xml:23:9-25:39
121            android:name="androidx.activity.ComponentActivity"
121-->[androidx.compose.ui:ui-test-manifest:1.6.8] AndroidManifest.xml:24:13-63
122            android:exported="true" />
122-->[androidx.compose.ui:ui-test-manifest:1.6.8] AndroidManifest.xml:25:13-36
123        <activity
123-->[androidx.compose.ui:ui-tooling-android:1.6.8] AndroidManifest.xml:23:9-25:39
124            android:name="androidx.compose.ui.tooling.PreviewActivity"
124-->[androidx.compose.ui:ui-tooling-android:1.6.8] AndroidManifest.xml:24:13-71
125            android:exported="true" />
125-->[androidx.compose.ui:ui-tooling-android:1.6.8] AndroidManifest.xml:25:13-36
126
127        <provider
127-->[androidx.emoji2:emoji2:1.3.0] AndroidManifest.xml:24:9-32:20
128            android:name="androidx.startup.InitializationProvider"
128-->[androidx.emoji2:emoji2:1.3.0] AndroidManifest.xml:25:13-67
129            android:authorities="com.app.lockcomposeChild.androidx-startup"
129-->[androidx.emoji2:emoji2:1.3.0] AndroidManifest.xml:26:13-68
130            android:exported="false" >
130-->[androidx.emoji2:emoji2:1.3.0] AndroidManifest.xml:27:13-37
131            <meta-data
131-->[androidx.emoji2:emoji2:1.3.0] AndroidManifest.xml:29:13-31:52
132                android:name="androidx.emoji2.text.EmojiCompatInitializer"
132-->[androidx.emoji2:emoji2:1.3.0] AndroidManifest.xml:30:17-75
133                android:value="androidx.startup" />
133-->[androidx.emoji2:emoji2:1.3.0] AndroidManifest.xml:31:17-49
134            <meta-data
134-->[androidx.lifecycle:lifecycle-process:2.8.6] AndroidManifest.xml:29:13-31:52
135                android:name="androidx.lifecycle.ProcessLifecycleInitializer"
135-->[androidx.lifecycle:lifecycle-process:2.8.6] AndroidManifest.xml:30:17-78
136                android:value="androidx.startup" />
136-->[androidx.lifecycle:lifecycle-process:2.8.6] AndroidManifest.xml:31:17-49
137            <meta-data
137-->[androidx.profileinstaller:profileinstaller:1.3.1] AndroidManifest.xml:29:13-31:52
138                android:name="androidx.profileinstaller.ProfileInstallerInitializer"
138-->[androidx.profileinstaller:profileinstaller:1.3.1] AndroidManifest.xml:30:17-85
139                android:value="androidx.startup" />
139-->[androidx.profileinstaller:profileinstaller:1.3.1] AndroidManifest.xml:31:17-49
140        </provider>
141
142        <meta-data
142-->[com.google.android.gms:play-services-basement:18.3.0] AndroidManifest.xml:21:9-23:69
143            android:name="com.google.android.gms.version"
143-->[com.google.android.gms:play-services-basement:18.3.0] AndroidManifest.xml:22:13-58
144            android:value="@integer/google_play_services_version" />
144-->[com.google.android.gms:play-services-basement:18.3.0] AndroidManifest.xml:23:13-66
145
146        <receiver
146-->[androidx.profileinstaller:profileinstaller:1.3.1] AndroidManifest.xml:34:9-52:20
147            android:name="androidx.profileinstaller.ProfileInstallReceiver"
147-->[androidx.profileinstaller:profileinstaller:1.3.1] AndroidManifest.xml:35:13-76
148            android:directBootAware="false"
148-->[androidx.profileinstaller:profileinstaller:1.3.1] AndroidManifest.xml:36:13-44
149            android:enabled="true"
149-->[androidx.profileinstaller:profileinstaller:1.3.1] AndroidManifest.xml:37:13-35
150            android:exported="true"
150-->[androidx.profileinstaller:profileinstaller:1.3.1] AndroidManifest.xml:38:13-36
151            android:permission="android.permission.DUMP" >
151-->[androidx.profileinstaller:profileinstaller:1.3.1] AndroidManifest.xml:39:13-57
152            <intent-filter>
152-->[androidx.profileinstaller:profileinstaller:1.3.1] AndroidManifest.xml:40:13-42:29
153                <action android:name="androidx.profileinstaller.action.INSTALL_PROFILE" />
153-->[androidx.profileinstaller:profileinstaller:1.3.1] AndroidManifest.xml:41:17-91
153-->[androidx.profileinstaller:profileinstaller:1.3.1] AndroidManifest.xml:41:25-88
154            </intent-filter>
155            <intent-filter>
155-->[androidx.profileinstaller:profileinstaller:1.3.1] AndroidManifest.xml:43:13-45:29
156                <action android:name="androidx.profileinstaller.action.SKIP_FILE" />
156-->[androidx.profileinstaller:profileinstaller:1.3.1] AndroidManifest.xml:44:17-85
156-->[androidx.profileinstaller:profileinstaller:1.3.1] AndroidManifest.xml:44:25-82
157            </intent-filter>
158            <intent-filter>
158-->[androidx.profileinstaller:profileinstaller:1.3.1] AndroidManifest.xml:46:13-48:29
159                <action android:name="androidx.profileinstaller.action.SAVE_PROFILE" />
159-->[androidx.profileinstaller:profileinstaller:1.3.1] AndroidManifest.xml:47:17-88
159-->[androidx.profileinstaller:profileinstaller:1.3.1] AndroidManifest.xml:47:25-85
160            </intent-filter>
161            <intent-filter>
161-->[androidx.profileinstaller:profileinstaller:1.3.1] AndroidManifest.xml:49:13-51:29
162                <action android:name="androidx.profileinstaller.action.BENCHMARK_OPERATION" />
162-->[androidx.profileinstaller:profileinstaller:1.3.1] AndroidManifest.xml:50:17-95
162-->[androidx.profileinstaller:profileinstaller:1.3.1] AndroidManifest.xml:50:25-92
163            </intent-filter>
164        </receiver>
165    </application>
166
167</manifest>